mode: set
github.com/k1v4/url_shortener/cmd/main/main.go:24.13,31.16 5 0
github.com/k1v4/url_shortener/cmd/main/main.go:31.16,32.28 1 0
github.com/k1v4/url_shortener/cmd/main/main.go:35.2,41.27 5 0
github.com/k1v4/url_shortener/cmd/main/main.go:41.27,51.17 3 0
github.com/k1v4/url_shortener/cmd/main/main.go:51.17,52.14 1 0
github.com/k1v4/url_shortener/cmd/main/main.go:55.3,57.48 2 0
github.com/k1v4/url_shortener/cmd/main/main.go:58.8,62.3 2 0
github.com/k1v4/url_shortener/cmd/main/main.go:64.2,67.16 3 0
github.com/k1v4/url_shortener/cmd/main/main.go:67.16,70.3 2 0
github.com/k1v4/url_shortener/cmd/main/main.go:72.2,76.12 3 0
github.com/k1v4/url_shortener/cmd/main/main.go:76.12,77.46 1 0
github.com/k1v4/url_shortener/cmd/main/main.go:77.46,79.4 1 0
github.com/k1v4/url_shortener/cmd/main/main.go:82.2,85.16 3 0
github.com/k1v4/url_shortener/cmd/main/main.go:85.16,87.3 1 0
github.com/k1v4/url_shortener/cmd/main/main.go:88.2,88.45 1 0
github.com/k1v4/url_shortener/internal/transport/grpc/mocks/ILinksService.go:17.90,20.19 2 0
github.com/k1v4/url_shortener/internal/transport/grpc/mocks/ILinksService.go:20.19,21.51 1 0
github.com/k1v4/url_shortener/internal/transport/grpc/mocks/ILinksService.go:24.2,26.78 3 0
github.com/k1v4/url_shortener/internal/transport/grpc/mocks/ILinksService.go:26.78,28.3 1 0
github.com/k1v4/url_shortener/internal/transport/grpc/mocks/ILinksService.go:29.2,29.69 1 0
github.com/k1v4/url_shortener/internal/transport/grpc/mocks/ILinksService.go:29.69,31.3 1 0
github.com/k1v4/url_shortener/internal/transport/grpc/mocks/ILinksService.go:31.8,33.3 1 0
github.com/k1v4/url_shortener/internal/transport/grpc/mocks/ILinksService.go:35.2,35.68 1 0
github.com/k1v4/url_shortener/internal/transport/grpc/mocks/ILinksService.go:35.68,37.3 1 0
github.com/k1v4/url_shortener/internal/transport/grpc/mocks/ILinksService.go:37.8,39.3 1 0
github.com/k1v4/url_shortener/internal/transport/grpc/mocks/ILinksService.go:41.2,41.15 1 0
github.com/k1v4/url_shortener/internal/transport/grpc/mocks/ILinksService.go:45.83,48.19 2 0
github.com/k1v4/url_shortener/internal/transport/grpc/mocks/ILinksService.go:48.19,49.49 1 0
github.com/k1v4/url_shortener/internal/transport/grpc/mocks/ILinksService.go:52.2,54.78 3 0
github.com/k1v4/url_shortener/internal/transport/grpc/mocks/ILinksService.go:54.78,56.3 1 0
github.com/k1v4/url_shortener/internal/transport/grpc/mocks/ILinksService.go:57.2,57.69 1 0
github.com/k1v4/url_shortener/internal/transport/grpc/mocks/ILinksService.go:57.69,59.3 1 0
github.com/k1v4/url_shortener/internal/transport/grpc/mocks/ILinksService.go:59.8,61.3 1 0
github.com/k1v4/url_shortener/internal/transport/grpc/mocks/ILinksService.go:63.2,63.68 1 0
github.com/k1v4/url_shortener/internal/transport/grpc/mocks/ILinksService.go:63.68,65.3 1 0
github.com/k1v4/url_shortener/internal/transport/grpc/mocks/ILinksService.go:65.8,67.3 1 0
github.com/k1v4/url_shortener/internal/transport/grpc/mocks/ILinksService.go:69.2,69.15 1 0
github.com/k1v4/url_shortener/internal/transport/grpc/mocks/ILinksService.go:77.19,81.19 3 0
github.com/k1v4/url_shortener/internal/transport/grpc/mocks/ILinksService.go:81.19,81.49 1 0
github.com/k1v4/url_shortener/internal/transport/grpc/mocks/ILinksService.go:83.2,83.13 1 0
github.com/k1v4/url_shortener/internal/service/mocks/ILinksRepository.go:17.93,20.19 2 0
github.com/k1v4/url_shortener/internal/service/mocks/ILinksRepository.go:20.19,21.51 1 0
github.com/k1v4/url_shortener/internal/service/mocks/ILinksRepository.go:24.2,26.78 3 0
github.com/k1v4/url_shortener/internal/service/mocks/ILinksRepository.go:26.78,28.3 1 0
github.com/k1v4/url_shortener/internal/service/mocks/ILinksRepository.go:29.2,29.69 1 0
github.com/k1v4/url_shortener/internal/service/mocks/ILinksRepository.go:29.69,31.3 1 0
github.com/k1v4/url_shortener/internal/service/mocks/ILinksRepository.go:31.8,33.3 1 0
github.com/k1v4/url_shortener/internal/service/mocks/ILinksRepository.go:35.2,35.68 1 0
github.com/k1v4/url_shortener/internal/service/mocks/ILinksRepository.go:35.68,37.3 1 0
github.com/k1v4/url_shortener/internal/service/mocks/ILinksRepository.go:37.8,39.3 1 0
github.com/k1v4/url_shortener/internal/service/mocks/ILinksRepository.go:41.2,41.15 1 0
github.com/k1v4/url_shortener/internal/service/mocks/ILinksRepository.go:45.90,48.19 2 0
github.com/k1v4/url_shortener/internal/service/mocks/ILinksRepository.go:48.19,49.53 1 0
github.com/k1v4/url_shortener/internal/service/mocks/ILinksRepository.go:52.2,54.78 3 0
github.com/k1v4/url_shortener/internal/service/mocks/ILinksRepository.go:54.78,56.3 1 0
github.com/k1v4/url_shortener/internal/service/mocks/ILinksRepository.go:57.2,57.69 1 0
github.com/k1v4/url_shortener/internal/service/mocks/ILinksRepository.go:57.69,59.3 1 0
github.com/k1v4/url_shortener/internal/service/mocks/ILinksRepository.go:59.8,61.3 1 0
github.com/k1v4/url_shortener/internal/service/mocks/ILinksRepository.go:63.2,63.68 1 0
github.com/k1v4/url_shortener/internal/service/mocks/ILinksRepository.go:63.68,65.3 1 0
github.com/k1v4/url_shortener/internal/service/mocks/ILinksRepository.go:65.8,67.3 1 0
github.com/k1v4/url_shortener/internal/service/mocks/ILinksRepository.go:69.2,69.15 1 0
github.com/k1v4/url_shortener/internal/service/mocks/ILinksRepository.go:73.103,76.19 2 0
github.com/k1v4/url_shortener/internal/service/mocks/ILinksRepository.go:76.19,77.49 1 0
github.com/k1v4/url_shortener/internal/service/mocks/ILinksRepository.go:80.2,82.86 3 0
github.com/k1v4/url_shortener/internal/service/mocks/ILinksRepository.go:82.86,84.3 1 0
github.com/k1v4/url_shortener/internal/service/mocks/ILinksRepository.go:85.2,85.77 1 0
github.com/k1v4/url_shortener/internal/service/mocks/ILinksRepository.go:85.77,87.3 1 0
github.com/k1v4/url_shortener/internal/service/mocks/ILinksRepository.go:87.8,89.3 1 0
github.com/k1v4/url_shortener/internal/service/mocks/ILinksRepository.go:91.2,91.76 1 0
github.com/k1v4/url_shortener/internal/service/mocks/ILinksRepository.go:91.76,93.3 1 0
github.com/k1v4/url_shortener/internal/service/mocks/ILinksRepository.go:93.8,95.3 1 0
github.com/k1v4/url_shortener/internal/service/mocks/ILinksRepository.go:97.2,97.15 1 0
github.com/k1v4/url_shortener/internal/service/mocks/ILinksRepository.go:105.22,109.19 3 0
github.com/k1v4/url_shortener/internal/service/mocks/ILinksRepository.go:109.19,109.49 1 0
github.com/k1v4/url_shortener/internal/service/mocks/ILinksRepository.go:111.2,111.13 1 0
github.com/k1v4/url_shortener/pkg/api/link/link.pb.go:32.34,37.2 4 0
github.com/k1v4/url_shortener/pkg/api/link/link.pb.go:39.42,41.2 1 0
github.com/k1v4/url_shortener/pkg/api/link/link.pb.go:43.40,43.41 0 0
github.com/k1v4/url_shortener/pkg/api/link/link.pb.go:45.62,47.14 2 0
github.com/k1v4/url_shortener/pkg/api/link/link.pb.go:47.14,49.34 2 0
github.com/k1v4/url_shortener/pkg/api/link/link.pb.go:49.34,51.4 1 0
github.com/k1v4/url_shortener/pkg/api/link/link.pb.go:52.3,52.12 1 0
github.com/k1v4/url_shortener/pkg/api/link/link.pb.go:54.2,54.24 1 0
github.com/k1v4/url_shortener/pkg/api/link/link.pb.go:58.53,60.2 1 0
github.com/k1v4/url_shortener/pkg/api/link/link.pb.go:62.42,63.14 1 0
github.com/k1v4/url_shortener/pkg/api/link/link.pb.go:63.14,65.3 1 0
github.com/k1v4/url_shortener/pkg/api/link/link.pb.go:66.2,66.11 1 0
github.com/k1v4/url_shortener/pkg/api/link/link.pb.go:76.35,81.2 4 0
github.com/k1v4/url_shortener/pkg/api/link/link.pb.go:83.43,85.2 1 0
github.com/k1v4/url_shortener/pkg/api/link/link.pb.go:87.41,87.42 0 0
github.com/k1v4/url_shortener/pkg/api/link/link.pb.go:89.63,91.14 2 0
github.com/k1v4/url_shortener/pkg/api/link/link.pb.go:91.14,93.34 2 0
github.com/k1v4/url_shortener/pkg/api/link/link.pb.go:93.34,95.4 1 0
github.com/k1v4/url_shortener/pkg/api/link/link.pb.go:96.3,96.12 1 0
github.com/k1v4/url_shortener/pkg/api/link/link.pb.go:98.2,98.24 1 0
github.com/k1v4/url_shortener/pkg/api/link/link.pb.go:102.54,104.2 1 0
github.com/k1v4/url_shortener/pkg/api/link/link.pb.go:106.48,107.14 1 0
github.com/k1v4/url_shortener/pkg/api/link/link.pb.go:107.14,109.3 1 0
github.com/k1v4/url_shortener/pkg/api/link/link.pb.go:110.2,110.11 1 0
github.com/k1v4/url_shortener/pkg/api/link/link.pb.go:120.36,125.2 4 0
github.com/k1v4/url_shortener/pkg/api/link/link.pb.go:127.44,129.2 1 0
github.com/k1v4/url_shortener/pkg/api/link/link.pb.go:131.42,131.43 0 0
github.com/k1v4/url_shortener/pkg/api/link/link.pb.go:133.64,135.14 2 0
github.com/k1v4/url_shortener/pkg/api/link/link.pb.go:135.14,137.34 2 0
github.com/k1v4/url_shortener/pkg/api/link/link.pb.go:137.34,139.4 1 0
github.com/k1v4/url_shortener/pkg/api/link/link.pb.go:140.3,140.12 1 0
github.com/k1v4/url_shortener/pkg/api/link/link.pb.go:142.2,142.24 1 0
github.com/k1v4/url_shortener/pkg/api/link/link.pb.go:146.55,148.2 1 0
github.com/k1v4/url_shortener/pkg/api/link/link.pb.go:150.49,151.14 1 0
github.com/k1v4/url_shortener/pkg/api/link/link.pb.go:151.14,153.3 1 0
github.com/k1v4/url_shortener/pkg/api/link/link.pb.go:154.2,154.11 1 0
github.com/k1v4/url_shortener/pkg/api/link/link.pb.go:164.37,169.2 4 0
github.com/k1v4/url_shortener/pkg/api/link/link.pb.go:171.45,173.2 1 0
github.com/k1v4/url_shortener/pkg/api/link/link.pb.go:175.43,175.44 0 0
github.com/k1v4/url_shortener/pkg/api/link/link.pb.go:177.65,179.14 2 0
github.com/k1v4/url_shortener/pkg/api/link/link.pb.go:179.14,181.34 2 0
github.com/k1v4/url_shortener/pkg/api/link/link.pb.go:181.34,183.4 1 0
github.com/k1v4/url_shortener/pkg/api/link/link.pb.go:184.3,184.12 1 0
github.com/k1v4/url_shortener/pkg/api/link/link.pb.go:186.2,186.24 1 0
github.com/k1v4/url_shortener/pkg/api/link/link.pb.go:190.56,192.2 1 0
github.com/k1v4/url_shortener/pkg/api/link/link.pb.go:194.45,195.14 1 0
github.com/k1v4/url_shortener/pkg/api/link/link.pb.go:195.14,197.3 1 0
github.com/k1v4/url_shortener/pkg/api/link/link.pb.go:198.2,198.11 1 0
github.com/k1v4/url_shortener/pkg/api/link/link.pb.go:239.48,240.45 1 0
github.com/k1v4/url_shortener/pkg/api/link/link.pb.go:240.45,242.3 1 0
github.com/k1v4/url_shortener/pkg/api/link/link.pb.go:243.2,243.41 1 0
github.com/k1v4/url_shortener/pkg/api/link/link.pb.go:265.13,265.44 1 0
github.com/k1v4/url_shortener/pkg/api/link/link.pb.go:266.34,267.33 1 0
github.com/k1v4/url_shortener/pkg/api/link/link.pb.go:267.33,269.3 1 0
github.com/k1v4/url_shortener/pkg/api/link/link.pb.go:270.2,286.36 5 0
github.com/k1v4/url_shortener/pkg/api/link/link.pb.gw.go:34.210,38.90 3 0
github.com/k1v4/url_shortener/pkg/api/link/link.pb.gw.go:38.90,40.3 1 0
github.com/k1v4/url_shortener/pkg/api/link/link.pb.gw.go:42.2,43.27 2 0
github.com/k1v4/url_shortener/pkg/api/link/link.pb.gw.go:47.216,51.90 3 0
github.com/k1v4/url_shortener/pkg/api/link/link.pb.gw.go:51.90,53.3 1 0
github.com/k1v4/url_shortener/pkg/api/link/link.pb.gw.go:55.2,56.27 2 0
github.com/k1v4/url_shortener/pkg/api/link/link.pb.gw.go:60.212,72.9 5 0
github.com/k1v4/url_shortener/pkg/api/link/link.pb.gw.go:72.9,74.3 1 0
github.com/k1v4/url_shortener/pkg/api/link/link.pb.gw.go:76.2,77.16 2 0
github.com/k1v4/url_shortener/pkg/api/link/link.pb.gw.go:77.16,79.3 1 0
github.com/k1v4/url_shortener/pkg/api/link/link.pb.gw.go:81.2,82.27 2 0
github.com/k1v4/url_shortener/pkg/api/link/link.pb.gw.go:86.218,98.9 5 0
github.com/k1v4/url_shortener/pkg/api/link/link.pb.gw.go:98.9,100.3 1 0
github.com/k1v4/url_shortener/pkg/api/link/link.pb.gw.go:102.2,103.16 2 0
github.com/k1v4/url_shortener/pkg/api/link/link.pb.gw.go:103.16,105.3 1 0
github.com/k1v4/url_shortener/pkg/api/link/link.pb.gw.go:107.2,108.27 2 0
github.com/k1v4/url_shortener/pkg/api/link/link.pb.gw.go:117.117,119.130 1 0
github.com/k1v4/url_shortener/pkg/api/link/link.pb.gw.go:119.130,128.17 9 0
github.com/k1v4/url_shortener/pkg/api/link/link.pb.gw.go:128.17,131.4 2 0
github.com/k1v4/url_shortener/pkg/api/link/link.pb.gw.go:132.3,135.17 4 0
github.com/k1v4/url_shortener/pkg/api/link/link.pb.gw.go:135.17,138.4 2 0
github.com/k1v4/url_shortener/pkg/api/link/link.pb.gw.go:140.3,140.125 1 0
github.com/k1v4/url_shortener/pkg/api/link/link.pb.gw.go:144.2,144.131 1 0
github.com/k1v4/url_shortener/pkg/api/link/link.pb.gw.go:144.131,153.17 9 0
github.com/k1v4/url_shortener/pkg/api/link/link.pb.gw.go:153.17,156.4 2 0
github.com/k1v4/url_shortener/pkg/api/link/link.pb.gw.go:157.3,160.17 4 0
github.com/k1v4/url_shortener/pkg/api/link/link.pb.gw.go:160.17,163.4 2 0
github.com/k1v4/url_shortener/pkg/api/link/link.pb.gw.go:165.3,165.127 1 0
github.com/k1v4/url_shortener/pkg/api/link/link.pb.gw.go:169.2,169.12 1 0
github.com/k1v4/url_shortener/pkg/api/link/link.pb.gw.go:174.143,176.16 2 0
github.com/k1v4/url_shortener/pkg/api/link/link.pb.gw.go:176.16,178.3 1 0
github.com/k1v4/url_shortener/pkg/api/link/link.pb.gw.go:179.2,179.15 1 0
github.com/k1v4/url_shortener/pkg/api/link/link.pb.gw.go:179.15,180.17 1 0
github.com/k1v4/url_shortener/pkg/api/link/link.pb.gw.go:180.17,181.41 1 0
github.com/k1v4/url_shortener/pkg/api/link/link.pb.gw.go:181.41,183.5 1 0
github.com/k1v4/url_shortener/pkg/api/link/link.pb.gw.go:184.4,184.10 1 0
github.com/k1v4/url_shortener/pkg/api/link/link.pb.gw.go:186.3,186.13 1 0
github.com/k1v4/url_shortener/pkg/api/link/link.pb.gw.go:186.13,188.41 2 0
github.com/k1v4/url_shortener/pkg/api/link/link.pb.gw.go:188.41,190.5 1 0
github.com/k1v4/url_shortener/pkg/api/link/link.pb.gw.go:194.2,194.52 1 0
github.com/k1v4/url_shortener/pkg/api/link/link.pb.gw.go:199.107,201.2 1 0
github.com/k1v4/url_shortener/pkg/api/link/link.pb.gw.go:208.117,210.130 1 0
github.com/k1v4/url_shortener/pkg/api/link/link.pb.gw.go:210.130,217.17 7 0
github.com/k1v4/url_shortener/pkg/api/link/link.pb.gw.go:217.17,220.4 2 0
github.com/k1v4/url_shortener/pkg/api/link/link.pb.gw.go:221.3,223.17 3 0
github.com/k1v4/url_shortener/pkg/api/link/link.pb.gw.go:223.17,226.4 2 0
github.com/k1v4/url_shortener/pkg/api/link/link.pb.gw.go:228.3,228.125 1 0
github.com/k1v4/url_shortener/pkg/api/link/link.pb.gw.go:232.2,232.131 1 0
github.com/k1v4/url_shortener/pkg/api/link/link.pb.gw.go:232.131,239.17 7 0
github.com/k1v4/url_shortener/pkg/api/link/link.pb.gw.go:239.17,242.4 2 0
github.com/k1v4/url_shortener/pkg/api/link/link.pb.gw.go:243.3,245.17 3 0
github.com/k1v4/url_shortener/pkg/api/link/link.pb.gw.go:245.17,248.4 2 0
github.com/k1v4/url_shortener/pkg/api/link/link.pb.gw.go:250.3,250.127 1 0
github.com/k1v4/url_shortener/pkg/api/link/link.pb.gw.go:254.2,254.12 1 0
github.com/k1v4/url_shortener/pkg/api/link/link_grpc.pb.go:38.76,40.2 1 0
github.com/k1v4/url_shortener/pkg/api/link/link_grpc.pb.go:42.130,46.16 4 0
github.com/k1v4/url_shortener/pkg/api/link/link_grpc.pb.go:46.16,48.3 1 0
github.com/k1v4/url_shortener/pkg/api/link/link_grpc.pb.go:49.2,49.17 1 0
github.com/k1v4/url_shortener/pkg/api/link/link_grpc.pb.go:52.136,56.16 4 0
github.com/k1v4/url_shortener/pkg/api/link/link_grpc.pb.go:56.16,58.3 1 0
github.com/k1v4/url_shortener/pkg/api/link/link_grpc.pb.go:59.2,59.17 1 0
github.com/k1v4/url_shortener/pkg/api/link/link_grpc.pb.go:79.108,81.2 1 0
github.com/k1v4/url_shortener/pkg/api/link/link_grpc.pb.go:82.114,84.2 1 0
github.com/k1v4/url_shortener/pkg/api/link/link_grpc.pb.go:85.84,85.85 0 0
github.com/k1v4/url_shortener/pkg/api/link/link_grpc.pb.go:86.84,86.85 0 0
github.com/k1v4/url_shortener/pkg/api/link/link_grpc.pb.go:95.82,100.59 1 0
github.com/k1v4/url_shortener/pkg/api/link/link_grpc.pb.go:100.59,102.3 1 0
github.com/k1v4/url_shortener/pkg/api/link/link_grpc.pb.go:103.2,103.51 1 0
github.com/k1v4/url_shortener/pkg/api/link/link_grpc.pb.go:106.165,108.32 2 0
github.com/k1v4/url_shortener/pkg/api/link/link_grpc.pb.go:108.32,110.3 1 0
github.com/k1v4/url_shortener/pkg/api/link/link_grpc.pb.go:111.2,111.24 1 0
github.com/k1v4/url_shortener/pkg/api/link/link_grpc.pb.go:111.24,113.3 1 0
github.com/k1v4/url_shortener/pkg/api/link/link_grpc.pb.go:114.2,118.77 2 0
github.com/k1v4/url_shortener/pkg/api/link/link_grpc.pb.go:118.77,120.3 1 0
github.com/k1v4/url_shortener/pkg/api/link/link_grpc.pb.go:121.2,121.44 1 0
github.com/k1v4/url_shortener/pkg/api/link/link_grpc.pb.go:124.167,126.32 2 0
github.com/k1v4/url_shortener/pkg/api/link/link_grpc.pb.go:126.32,128.3 1 0
github.com/k1v4/url_shortener/pkg/api/link/link_grpc.pb.go:129.2,129.24 1 0
github.com/k1v4/url_shortener/pkg/api/link/link_grpc.pb.go:129.24,131.3 1 0
github.com/k1v4/url_shortener/pkg/api/link/link_grpc.pb.go:132.2,136.77 2 0
github.com/k1v4/url_shortener/pkg/api/link/link_grpc.pb.go:136.77,138.3 1 0
github.com/k1v4/url_shortener/pkg/api/link/link_grpc.pb.go:139.2,139.44 1 0
github.com/k1v4/url_shortener/internal/repository/in_memory/links.go:15.44,21.2 1 1
github.com/k1v4/url_shortener/internal/repository/in_memory/links.go:23.94,27.34 3 1
github.com/k1v4/url_shortener/internal/repository/in_memory/links.go:27.34,29.3 1 1
github.com/k1v4/url_shortener/internal/repository/in_memory/links.go:31.2,34.22 3 1
github.com/k1v4/url_shortener/internal/repository/in_memory/links.go:37.91,43.48 5 1
github.com/k1v4/url_shortener/internal/repository/in_memory/links.go:43.48,45.3 1 1
github.com/k1v4/url_shortener/internal/repository/in_memory/links.go:47.2,47.19 1 1
github.com/k1v4/url_shortener/internal/repository/in_memory/links.go:50.88,56.38 5 1
github.com/k1v4/url_shortener/internal/repository/in_memory/links.go:56.38,58.3 1 1
github.com/k1v4/url_shortener/internal/repository/in_memory/links.go:60.2,60.19 1 1
github.com/k1v4/url_shortener/internal/repository/postgres_repo/links.go:15.71,17.2 1 1
github.com/k1v4/url_shortener/internal/repository/postgres_repo/links.go:19.94,21.16 2 1
github.com/k1v4/url_shortener/internal/repository/postgres_repo/links.go:21.16,23.54 2 1
github.com/k1v4/url_shortener/internal/repository/postgres_repo/links.go:23.54,25.4 1 1
github.com/k1v4/url_shortener/internal/repository/postgres_repo/links.go:27.3,27.17 1 1
github.com/k1v4/url_shortener/internal/repository/postgres_repo/links.go:30.2,30.22 1 1
github.com/k1v4/url_shortener/internal/repository/postgres_repo/links.go:33.91,36.16 3 1
github.com/k1v4/url_shortener/internal/repository/postgres_repo/links.go:36.16,38.3 1 1
github.com/k1v4/url_shortener/internal/repository/postgres_repo/links.go:40.2,40.23 1 1
github.com/k1v4/url_shortener/internal/repository/postgres_repo/links.go:43.88,46.16 3 1
github.com/k1v4/url_shortener/internal/repository/postgres_repo/links.go:46.16,48.3 1 1
github.com/k1v4/url_shortener/internal/repository/postgres_repo/links.go:50.2,50.22 1 1
github.com/k1v4/url_shortener/internal/config/config.go:16.20,24.16 3 1
github.com/k1v4/url_shortener/internal/config/config.go:24.16,27.3 2 1
github.com/k1v4/url_shortener/internal/config/config.go:29.2,29.13 1 1
github.com/k1v4/url_shortener/internal/service/links.go:31.59,33.2 1 1
github.com/k1v4/url_shortener/internal/service/links.go:35.83,40.31 4 1
github.com/k1v4/url_shortener/internal/service/links.go:40.31,44.80 2 1
github.com/k1v4/url_shortener/internal/service/links.go:44.80,45.12 1 0
github.com/k1v4/url_shortener/internal/service/links.go:48.3,49.8 2 1
github.com/k1v4/url_shortener/internal/service/links.go:52.2,52.15 1 1
github.com/k1v4/url_shortener/internal/service/links.go:52.15,54.3 1 0
github.com/k1v4/url_shortener/internal/service/links.go:56.2,57.16 2 1
github.com/k1v4/url_shortener/internal/service/links.go:57.16,58.44 1 1
github.com/k1v4/url_shortener/internal/service/links.go:58.44,60.18 2 1
github.com/k1v4/url_shortener/internal/service/links.go:60.18,62.5 1 1
github.com/k1v4/url_shortener/internal/service/links.go:64.4,64.27 1 1
github.com/k1v4/url_shortener/internal/service/links.go:67.3,67.43 1 1
github.com/k1v4/url_shortener/internal/service/links.go:70.2,70.21 1 1
github.com/k1v4/url_shortener/internal/service/links.go:73.90,77.16 3 1
github.com/k1v4/url_shortener/internal/service/links.go:77.16,79.3 1 1
github.com/k1v4/url_shortener/internal/service/links.go:81.2,81.23 1 1
github.com/k1v4/url_shortener/internal/service/mocks/ILinksRepository.go:17.93,20.19 2 1
github.com/k1v4/url_shortener/internal/service/mocks/ILinksRepository.go:20.19,21.51 1 0
github.com/k1v4/url_shortener/internal/service/mocks/ILinksRepository.go:24.2,26.78 3 1
github.com/k1v4/url_shortener/internal/service/mocks/ILinksRepository.go:26.78,28.3 1 0
github.com/k1v4/url_shortener/internal/service/mocks/ILinksRepository.go:29.2,29.69 1 1
github.com/k1v4/url_shortener/internal/service/mocks/ILinksRepository.go:29.69,31.3 1 0
github.com/k1v4/url_shortener/internal/service/mocks/ILinksRepository.go:31.8,33.3 1 1
github.com/k1v4/url_shortener/internal/service/mocks/ILinksRepository.go:35.2,35.68 1 1
github.com/k1v4/url_shortener/internal/service/mocks/ILinksRepository.go:35.68,37.3 1 0
github.com/k1v4/url_shortener/internal/service/mocks/ILinksRepository.go:37.8,39.3 1 1
github.com/k1v4/url_shortener/internal/service/mocks/ILinksRepository.go:41.2,41.15 1 1
github.com/k1v4/url_shortener/internal/service/mocks/ILinksRepository.go:45.90,48.19 2 1
github.com/k1v4/url_shortener/internal/service/mocks/ILinksRepository.go:48.19,49.53 1 0
github.com/k1v4/url_shortener/internal/service/mocks/ILinksRepository.go:52.2,54.78 3 1
github.com/k1v4/url_shortener/internal/service/mocks/ILinksRepository.go:54.78,56.3 1 0
github.com/k1v4/url_shortener/internal/service/mocks/ILinksRepository.go:57.2,57.69 1 1
github.com/k1v4/url_shortener/internal/service/mocks/ILinksRepository.go:57.69,59.3 1 0
github.com/k1v4/url_shortener/internal/service/mocks/ILinksRepository.go:59.8,61.3 1 1
github.com/k1v4/url_shortener/internal/service/mocks/ILinksRepository.go:63.2,63.68 1 1
github.com/k1v4/url_shortener/internal/service/mocks/ILinksRepository.go:63.68,65.3 1 0
github.com/k1v4/url_shortener/internal/service/mocks/ILinksRepository.go:65.8,67.3 1 1
github.com/k1v4/url_shortener/internal/service/mocks/ILinksRepository.go:69.2,69.15 1 1
github.com/k1v4/url_shortener/internal/service/mocks/ILinksRepository.go:73.103,76.19 2 1
github.com/k1v4/url_shortener/internal/service/mocks/ILinksRepository.go:76.19,77.49 1 0
github.com/k1v4/url_shortener/internal/service/mocks/ILinksRepository.go:80.2,82.86 3 1
github.com/k1v4/url_shortener/internal/service/mocks/ILinksRepository.go:82.86,84.3 1 0
github.com/k1v4/url_shortener/internal/service/mocks/ILinksRepository.go:85.2,85.77 1 1
github.com/k1v4/url_shortener/internal/service/mocks/ILinksRepository.go:85.77,87.3 1 0
github.com/k1v4/url_shortener/internal/service/mocks/ILinksRepository.go:87.8,89.3 1 1
github.com/k1v4/url_shortener/internal/service/mocks/ILinksRepository.go:91.2,91.76 1 1
github.com/k1v4/url_shortener/internal/service/mocks/ILinksRepository.go:91.76,93.3 1 0
github.com/k1v4/url_shortener/internal/service/mocks/ILinksRepository.go:93.8,95.3 1 1
github.com/k1v4/url_shortener/internal/service/mocks/ILinksRepository.go:97.2,97.15 1 1
github.com/k1v4/url_shortener/internal/service/mocks/ILinksRepository.go:105.22,109.19 3 1
github.com/k1v4/url_shortener/internal/service/mocks/ILinksRepository.go:109.19,109.49 1 1
github.com/k1v4/url_shortener/internal/service/mocks/ILinksRepository.go:111.2,111.13 1 1
github.com/k1v4/url_shortener/pkg/randomGen/random.go:8.39,17.19 4 1
github.com/k1v4/url_shortener/pkg/randomGen/random.go:17.19,19.3 1 1
github.com/k1v4/url_shortener/pkg/randomGen/random.go:21.2,21.18 1 1
github.com/k1v4/url_shortener/pkg/database/postgres/options.go:7.35,8.27 1 1
github.com/k1v4/url_shortener/pkg/database/postgres/options.go:8.27,10.3 1 1
github.com/k1v4/url_shortener/pkg/database/postgres/options.go:13.40,14.27 1 1
github.com/k1v4/url_shortener/pkg/database/postgres/options.go:14.27,16.3 1 1
github.com/k1v4/url_shortener/pkg/database/postgres/options.go:19.48,20.27 1 1
github.com/k1v4/url_shortener/pkg/database/postgres/options.go:20.27,22.3 1 1
github.com/k1v4/url_shortener/pkg/database/postgres/postgres_pool.go:35.57,43.27 2 0
github.com/k1v4/url_shortener/pkg/database/postgres/postgres_pool.go:43.27,45.3 1 0
github.com/k1v4/url_shortener/pkg/database/postgres/postgres_pool.go:47.2,48.16 2 0
github.com/k1v4/url_shortener/pkg/database/postgres/postgres_pool.go:48.16,50.3 1 0
github.com/k1v4/url_shortener/pkg/database/postgres/postgres_pool.go:52.2,54.26 2 0
github.com/k1v4/url_shortener/pkg/database/postgres/postgres_pool.go:54.26,56.17 2 0
github.com/k1v4/url_shortener/pkg/database/postgres/postgres_pool.go:56.17,57.9 1 0
github.com/k1v4/url_shortener/pkg/database/postgres/postgres_pool.go:60.3,64.20 3 0
github.com/k1v4/url_shortener/pkg/database/postgres/postgres_pool.go:67.2,67.16 1 0
github.com/k1v4/url_shortener/pkg/database/postgres/postgres_pool.go:67.16,69.3 1 0
github.com/k1v4/url_shortener/pkg/database/postgres/postgres_pool.go:71.2,71.16 1 0
github.com/k1v4/url_shortener/pkg/database/postgres/postgres_pool.go:74.28,75.19 1 0
github.com/k1v4/url_shortener/pkg/database/postgres/postgres_pool.go:75.19,77.3 1 0
github.com/k1v4/url_shortener/pkg/logger/logger.go:24.76,27.33 2 1
github.com/k1v4/url_shortener/pkg/logger/logger.go:27.33,29.3 1 1
github.com/k1v4/url_shortener/pkg/logger/logger.go:31.2,31.31 1 1
github.com/k1v4/url_shortener/pkg/logger/logger.go:34.77,37.33 2 1
github.com/k1v4/url_shortener/pkg/logger/logger.go:37.33,39.3 1 1
github.com/k1v4/url_shortener/pkg/logger/logger.go:41.2,41.32 1 1
github.com/k1v4/url_shortener/pkg/logger/logger.go:44.37,49.2 3 1
github.com/k1v4/url_shortener/pkg/logger/logger.go:51.51,53.2 1 1
github.com/k1v4/url_shortener/internal/transport/grpc/interceptor.go:10.69,11.121 1 1
github.com/k1v4/url_shortener/internal/transport/grpc/interceptor.go:11.121,14.3 2 0
github.com/k1v4/url_shortener/internal/transport/grpc/server.go:28.101,30.16 2 1
github.com/k1v4/url_shortener/internal/transport/grpc/server.go:30.16,32.3 1 0
github.com/k1v4/url_shortener/internal/transport/grpc/server.go:34.2,47.16 5 1
github.com/k1v4/url_shortener/internal/transport/grpc/server.go:47.16,49.3 1 0
github.com/k1v4/url_shortener/internal/transport/grpc/server.go:51.2,52.76 2 1
github.com/k1v4/url_shortener/internal/transport/grpc/server.go:52.76,54.3 1 0
github.com/k1v4/url_shortener/internal/transport/grpc/server.go:56.2,63.53 3 1
github.com/k1v4/url_shortener/internal/transport/grpc/server.go:67.51,70.21 2 1
github.com/k1v4/url_shortener/internal/transport/grpc/server.go:70.21,72.16 2 1
github.com/k1v4/url_shortener/internal/transport/grpc/server.go:72.16,74.4 1 1
github.com/k1v4/url_shortener/internal/transport/grpc/server.go:76.3,76.40 1 1
github.com/k1v4/url_shortener/internal/transport/grpc/server.go:79.2,79.21 1 1
github.com/k1v4/url_shortener/internal/transport/grpc/server.go:79.21,81.16 2 1
github.com/k1v4/url_shortener/internal/transport/grpc/server.go:81.16,83.4 1 1
github.com/k1v4/url_shortener/internal/transport/grpc/server.go:85.3,85.39 1 1
github.com/k1v4/url_shortener/internal/transport/grpc/server.go:88.2,88.18 1 1
github.com/k1v4/url_shortener/internal/transport/grpc/server.go:92.50,96.14 3 1
github.com/k1v4/url_shortener/internal/transport/grpc/server.go:96.14,98.3 1 1
github.com/k1v4/url_shortener/internal/transport/grpc/server.go:100.2,100.35 1 1
github.com/k1v4/url_shortener/internal/transport/grpc/transport.go:35.59,37.2 1 1
github.com/k1v4/url_shortener/internal/transport/grpc/transport.go:39.114,41.38 2 1
github.com/k1v4/url_shortener/internal/transport/grpc/transport.go:41.38,43.3 1 1
github.com/k1v4/url_shortener/internal/transport/grpc/transport.go:45.2,45.57 1 1
github.com/k1v4/url_shortener/internal/transport/grpc/transport.go:45.57,47.3 1 1
github.com/k1v4/url_shortener/internal/transport/grpc/transport.go:49.2,50.16 2 1
github.com/k1v4/url_shortener/internal/transport/grpc/transport.go:50.16,52.3 1 1
github.com/k1v4/url_shortener/internal/transport/grpc/transport.go:54.2,54.56 1 1
github.com/k1v4/url_shortener/internal/transport/grpc/transport.go:57.120,59.43 2 1
github.com/k1v4/url_shortener/internal/transport/grpc/transport.go:59.43,61.3 1 1
github.com/k1v4/url_shortener/internal/transport/grpc/transport.go:63.2,63.25 1 1
github.com/k1v4/url_shortener/internal/transport/grpc/transport.go:63.25,65.3 1 1
github.com/k1v4/url_shortener/internal/transport/grpc/transport.go:67.2,68.16 2 1
github.com/k1v4/url_shortener/internal/transport/grpc/transport.go:68.16,70.3 1 1
github.com/k1v4/url_shortener/internal/transport/grpc/transport.go:72.2,72.52 1 1
github.com/k1v4/url_shortener/internal/transport/grpc/mocks/ILinksService.go:17.90,20.19 2 1
github.com/k1v4/url_shortener/internal/transport/grpc/mocks/ILinksService.go:20.19,21.51 1 0
github.com/k1v4/url_shortener/internal/transport/grpc/mocks/ILinksService.go:24.2,26.78 3 1
github.com/k1v4/url_shortener/internal/transport/grpc/mocks/ILinksService.go:26.78,28.3 1 0
github.com/k1v4/url_shortener/internal/transport/grpc/mocks/ILinksService.go:29.2,29.69 1 1
github.com/k1v4/url_shortener/internal/transport/grpc/mocks/ILinksService.go:29.69,31.3 1 0
github.com/k1v4/url_shortener/internal/transport/grpc/mocks/ILinksService.go:31.8,33.3 1 1
github.com/k1v4/url_shortener/internal/transport/grpc/mocks/ILinksService.go:35.2,35.68 1 1
github.com/k1v4/url_shortener/internal/transport/grpc/mocks/ILinksService.go:35.68,37.3 1 0
github.com/k1v4/url_shortener/internal/transport/grpc/mocks/ILinksService.go:37.8,39.3 1 1
github.com/k1v4/url_shortener/internal/transport/grpc/mocks/ILinksService.go:41.2,41.15 1 1
github.com/k1v4/url_shortener/internal/transport/grpc/mocks/ILinksService.go:45.83,48.19 2 1
github.com/k1v4/url_shortener/internal/transport/grpc/mocks/ILinksService.go:48.19,49.49 1 0
github.com/k1v4/url_shortener/internal/transport/grpc/mocks/ILinksService.go:52.2,54.78 3 1
github.com/k1v4/url_shortener/internal/transport/grpc/mocks/ILinksService.go:54.78,56.3 1 0
github.com/k1v4/url_shortener/internal/transport/grpc/mocks/ILinksService.go:57.2,57.69 1 1
github.com/k1v4/url_shortener/internal/transport/grpc/mocks/ILinksService.go:57.69,59.3 1 0
github.com/k1v4/url_shortener/internal/transport/grpc/mocks/ILinksService.go:59.8,61.3 1 1
github.com/k1v4/url_shortener/internal/transport/grpc/mocks/ILinksService.go:63.2,63.68 1 1
github.com/k1v4/url_shortener/internal/transport/grpc/mocks/ILinksService.go:63.68,65.3 1 0
github.com/k1v4/url_shortener/internal/transport/grpc/mocks/ILinksService.go:65.8,67.3 1 1
github.com/k1v4/url_shortener/internal/transport/grpc/mocks/ILinksService.go:69.2,69.15 1 1
github.com/k1v4/url_shortener/internal/transport/grpc/mocks/ILinksService.go:77.19,81.19 3 1
github.com/k1v4/url_shortener/internal/transport/grpc/mocks/ILinksService.go:81.19,81.49 1 1
github.com/k1v4/url_shortener/internal/transport/grpc/mocks/ILinksService.go:83.2,83.13 1 1
github.com/k1v4/url_shortener/pkg/api/link/link.pb.go:32.34,37.2 4 0
github.com/k1v4/url_shortener/pkg/api/link/link.pb.go:39.42,41.2 1 0
github.com/k1v4/url_shortener/pkg/api/link/link.pb.go:43.40,43.41 0 0
github.com/k1v4/url_shortener/pkg/api/link/link.pb.go:45.62,47.14 2 0
github.com/k1v4/url_shortener/pkg/api/link/link.pb.go:47.14,49.34 2 0
github.com/k1v4/url_shortener/pkg/api/link/link.pb.go:49.34,51.4 1 0
github.com/k1v4/url_shortener/pkg/api/link/link.pb.go:52.3,52.12 1 0
github.com/k1v4/url_shortener/pkg/api/link/link.pb.go:54.2,54.24 1 0
github.com/k1v4/url_shortener/pkg/api/link/link.pb.go:58.53,60.2 1 0
github.com/k1v4/url_shortener/pkg/api/link/link.pb.go:62.42,63.14 1 0
github.com/k1v4/url_shortener/pkg/api/link/link.pb.go:63.14,65.3 1 0
github.com/k1v4/url_shortener/pkg/api/link/link.pb.go:66.2,66.11 1 0
github.com/k1v4/url_shortener/pkg/api/link/link.pb.go:76.35,81.2 4 0
github.com/k1v4/url_shortener/pkg/api/link/link.pb.go:83.43,85.2 1 0
github.com/k1v4/url_shortener/pkg/api/link/link.pb.go:87.41,87.42 0 0
github.com/k1v4/url_shortener/pkg/api/link/link.pb.go:89.63,91.14 2 0
github.com/k1v4/url_shortener/pkg/api/link/link.pb.go:91.14,93.34 2 0
github.com/k1v4/url_shortener/pkg/api/link/link.pb.go:93.34,95.4 1 0
github.com/k1v4/url_shortener/pkg/api/link/link.pb.go:96.3,96.12 1 0
github.com/k1v4/url_shortener/pkg/api/link/link.pb.go:98.2,98.24 1 0
github.com/k1v4/url_shortener/pkg/api/link/link.pb.go:102.54,104.2 1 0
github.com/k1v4/url_shortener/pkg/api/link/link.pb.go:106.48,107.14 1 0
github.com/k1v4/url_shortener/pkg/api/link/link.pb.go:107.14,109.3 1 0
github.com/k1v4/url_shortener/pkg/api/link/link.pb.go:110.2,110.11 1 0
github.com/k1v4/url_shortener/pkg/api/link/link.pb.go:120.36,125.2 4 0
github.com/k1v4/url_shortener/pkg/api/link/link.pb.go:127.44,129.2 1 0
github.com/k1v4/url_shortener/pkg/api/link/link.pb.go:131.42,131.43 0 0
github.com/k1v4/url_shortener/pkg/api/link/link.pb.go:133.64,135.14 2 0
github.com/k1v4/url_shortener/pkg/api/link/link.pb.go:135.14,137.34 2 0
github.com/k1v4/url_shortener/pkg/api/link/link.pb.go:137.34,139.4 1 0
github.com/k1v4/url_shortener/pkg/api/link/link.pb.go:140.3,140.12 1 0
github.com/k1v4/url_shortener/pkg/api/link/link.pb.go:142.2,142.24 1 0
github.com/k1v4/url_shortener/pkg/api/link/link.pb.go:146.55,148.2 1 0
github.com/k1v4/url_shortener/pkg/api/link/link.pb.go:150.49,151.14 1 1
github.com/k1v4/url_shortener/pkg/api/link/link.pb.go:151.14,153.3 1 1
github.com/k1v4/url_shortener/pkg/api/link/link.pb.go:154.2,154.11 1 0
github.com/k1v4/url_shortener/pkg/api/link/link.pb.go:164.37,169.2 4 0
github.com/k1v4/url_shortener/pkg/api/link/link.pb.go:171.45,173.2 1 0
github.com/k1v4/url_shortener/pkg/api/link/link.pb.go:175.43,175.44 0 0
github.com/k1v4/url_shortener/pkg/api/link/link.pb.go:177.65,179.14 2 0
github.com/k1v4/url_shortener/pkg/api/link/link.pb.go:179.14,181.34 2 0
github.com/k1v4/url_shortener/pkg/api/link/link.pb.go:181.34,183.4 1 0
github.com/k1v4/url_shortener/pkg/api/link/link.pb.go:184.3,184.12 1 0
github.com/k1v4/url_shortener/pkg/api/link/link.pb.go:186.2,186.24 1 0
github.com/k1v4/url_shortener/pkg/api/link/link.pb.go:190.56,192.2 1 0
github.com/k1v4/url_shortener/pkg/api/link/link.pb.go:194.45,195.14 1 0
github.com/k1v4/url_shortener/pkg/api/link/link.pb.go:195.14,197.3 1 0
github.com/k1v4/url_shortener/pkg/api/link/link.pb.go:198.2,198.11 1 0
github.com/k1v4/url_shortener/pkg/api/link/link.pb.go:239.48,240.45 1 0
github.com/k1v4/url_shortener/pkg/api/link/link.pb.go:240.45,242.3 1 0
github.com/k1v4/url_shortener/pkg/api/link/link.pb.go:243.2,243.41 1 0
github.com/k1v4/url_shortener/pkg/api/link/link.pb.go:265.13,265.44 1 1
github.com/k1v4/url_shortener/pkg/api/link/link.pb.go:266.34,267.33 1 1
github.com/k1v4/url_shortener/pkg/api/link/link.pb.go:267.33,269.3 1 0
github.com/k1v4/url_shortener/pkg/api/link/link.pb.go:270.2,286.36 5 1
github.com/k1v4/url_shortener/pkg/api/link/link.pb.gw.go:34.210,38.90 3 0
github.com/k1v4/url_shortener/pkg/api/link/link.pb.gw.go:38.90,40.3 1 0
github.com/k1v4/url_shortener/pkg/api/link/link.pb.gw.go:42.2,43.27 2 0
github.com/k1v4/url_shortener/pkg/api/link/link.pb.gw.go:47.216,51.90 3 0
github.com/k1v4/url_shortener/pkg/api/link/link.pb.gw.go:51.90,53.3 1 0
github.com/k1v4/url_shortener/pkg/api/link/link.pb.gw.go:55.2,56.27 2 0
github.com/k1v4/url_shortener/pkg/api/link/link.pb.gw.go:60.212,72.9 5 0
github.com/k1v4/url_shortener/pkg/api/link/link.pb.gw.go:72.9,74.3 1 0
github.com/k1v4/url_shortener/pkg/api/link/link.pb.gw.go:76.2,77.16 2 0
github.com/k1v4/url_shortener/pkg/api/link/link.pb.gw.go:77.16,79.3 1 0
github.com/k1v4/url_shortener/pkg/api/link/link.pb.gw.go:81.2,82.27 2 0
github.com/k1v4/url_shortener/pkg/api/link/link.pb.gw.go:86.218,98.9 5 0
github.com/k1v4/url_shortener/pkg/api/link/link.pb.gw.go:98.9,100.3 1 0
github.com/k1v4/url_shortener/pkg/api/link/link.pb.gw.go:102.2,103.16 2 0
github.com/k1v4/url_shortener/pkg/api/link/link.pb.gw.go:103.16,105.3 1 0
github.com/k1v4/url_shortener/pkg/api/link/link.pb.gw.go:107.2,108.27 2 0
github.com/k1v4/url_shortener/pkg/api/link/link.pb.gw.go:117.117,119.130 1 0
github.com/k1v4/url_shortener/pkg/api/link/link.pb.gw.go:119.130,128.17 9 0
github.com/k1v4/url_shortener/pkg/api/link/link.pb.gw.go:128.17,131.4 2 0
github.com/k1v4/url_shortener/pkg/api/link/link.pb.gw.go:132.3,135.17 4 0
github.com/k1v4/url_shortener/pkg/api/link/link.pb.gw.go:135.17,138.4 2 0
github.com/k1v4/url_shortener/pkg/api/link/link.pb.gw.go:140.3,140.125 1 0
github.com/k1v4/url_shortener/pkg/api/link/link.pb.gw.go:144.2,144.131 1 0
github.com/k1v4/url_shortener/pkg/api/link/link.pb.gw.go:144.131,153.17 9 0
github.com/k1v4/url_shortener/pkg/api/link/link.pb.gw.go:153.17,156.4 2 0
github.com/k1v4/url_shortener/pkg/api/link/link.pb.gw.go:157.3,160.17 4 0
github.com/k1v4/url_shortener/pkg/api/link/link.pb.gw.go:160.17,163.4 2 0
github.com/k1v4/url_shortener/pkg/api/link/link.pb.gw.go:165.3,165.127 1 0
github.com/k1v4/url_shortener/pkg/api/link/link.pb.gw.go:169.2,169.12 1 0
github.com/k1v4/url_shortener/pkg/api/link/link.pb.gw.go:174.143,176.16 2 0
github.com/k1v4/url_shortener/pkg/api/link/link.pb.gw.go:176.16,178.3 1 0
github.com/k1v4/url_shortener/pkg/api/link/link.pb.gw.go:179.2,179.15 1 0
github.com/k1v4/url_shortener/pkg/api/link/link.pb.gw.go:179.15,180.17 1 0
github.com/k1v4/url_shortener/pkg/api/link/link.pb.gw.go:180.17,181.41 1 0
github.com/k1v4/url_shortener/pkg/api/link/link.pb.gw.go:181.41,183.5 1 0
github.com/k1v4/url_shortener/pkg/api/link/link.pb.gw.go:184.4,184.10 1 0
github.com/k1v4/url_shortener/pkg/api/link/link.pb.gw.go:186.3,186.13 1 0
github.com/k1v4/url_shortener/pkg/api/link/link.pb.gw.go:186.13,188.41 2 0
github.com/k1v4/url_shortener/pkg/api/link/link.pb.gw.go:188.41,190.5 1 0
github.com/k1v4/url_shortener/pkg/api/link/link.pb.gw.go:194.2,194.52 1 0
github.com/k1v4/url_shortener/pkg/api/link/link.pb.gw.go:199.107,201.2 1 1
github.com/k1v4/url_shortener/pkg/api/link/link.pb.gw.go:208.117,210.130 1 1
github.com/k1v4/url_shortener/pkg/api/link/link.pb.gw.go:210.130,217.17 7 0
github.com/k1v4/url_shortener/pkg/api/link/link.pb.gw.go:217.17,220.4 2 0
github.com/k1v4/url_shortener/pkg/api/link/link.pb.gw.go:221.3,223.17 3 0
github.com/k1v4/url_shortener/pkg/api/link/link.pb.gw.go:223.17,226.4 2 0
github.com/k1v4/url_shortener/pkg/api/link/link.pb.gw.go:228.3,228.125 1 0
github.com/k1v4/url_shortener/pkg/api/link/link.pb.gw.go:232.2,232.131 1 1
github.com/k1v4/url_shortener/pkg/api/link/link.pb.gw.go:232.131,239.17 7 0
github.com/k1v4/url_shortener/pkg/api/link/link.pb.gw.go:239.17,242.4 2 0
github.com/k1v4/url_shortener/pkg/api/link/link.pb.gw.go:243.3,245.17 3 0
github.com/k1v4/url_shortener/pkg/api/link/link.pb.gw.go:245.17,248.4 2 0
github.com/k1v4/url_shortener/pkg/api/link/link.pb.gw.go:250.3,250.127 1 0
github.com/k1v4/url_shortener/pkg/api/link/link.pb.gw.go:254.2,254.12 1 1
github.com/k1v4/url_shortener/pkg/api/link/link_grpc.pb.go:38.76,40.2 1 1
github.com/k1v4/url_shortener/pkg/api/link/link_grpc.pb.go:42.130,46.16 4 0
github.com/k1v4/url_shortener/pkg/api/link/link_grpc.pb.go:46.16,48.3 1 0
github.com/k1v4/url_shortener/pkg/api/link/link_grpc.pb.go:49.2,49.17 1 0
github.com/k1v4/url_shortener/pkg/api/link/link_grpc.pb.go:52.136,56.16 4 0
github.com/k1v4/url_shortener/pkg/api/link/link_grpc.pb.go:56.16,58.3 1 0
github.com/k1v4/url_shortener/pkg/api/link/link_grpc.pb.go:59.2,59.17 1 0
github.com/k1v4/url_shortener/pkg/api/link/link_grpc.pb.go:79.108,81.2 1 0
github.com/k1v4/url_shortener/pkg/api/link/link_grpc.pb.go:82.114,84.2 1 0
github.com/k1v4/url_shortener/pkg/api/link/link_grpc.pb.go:85.84,85.85 0 0
github.com/k1v4/url_shortener/pkg/api/link/link_grpc.pb.go:86.84,86.85 0 1
github.com/k1v4/url_shortener/pkg/api/link/link_grpc.pb.go:95.82,100.59 1 1
github.com/k1v4/url_shortener/pkg/api/link/link_grpc.pb.go:100.59,102.3 1 1
github.com/k1v4/url_shortener/pkg/api/link/link_grpc.pb.go:103.2,103.51 1 1
github.com/k1v4/url_shortener/pkg/api/link/link_grpc.pb.go:106.165,108.32 2 0
github.com/k1v4/url_shortener/pkg/api/link/link_grpc.pb.go:108.32,110.3 1 0
github.com/k1v4/url_shortener/pkg/api/link/link_grpc.pb.go:111.2,111.24 1 0
github.com/k1v4/url_shortener/pkg/api/link/link_grpc.pb.go:111.24,113.3 1 0
github.com/k1v4/url_shortener/pkg/api/link/link_grpc.pb.go:114.2,118.77 2 0
github.com/k1v4/url_shortener/pkg/api/link/link_grpc.pb.go:118.77,120.3 1 0
github.com/k1v4/url_shortener/pkg/api/link/link_grpc.pb.go:121.2,121.44 1 0
github.com/k1v4/url_shortener/pkg/api/link/link_grpc.pb.go:124.167,126.32 2 0
github.com/k1v4/url_shortener/pkg/api/link/link_grpc.pb.go:126.32,128.3 1 0
github.com/k1v4/url_shortener/pkg/api/link/link_grpc.pb.go:129.2,129.24 1 0
github.com/k1v4/url_shortener/pkg/api/link/link_grpc.pb.go:129.24,131.3 1 0
github.com/k1v4/url_shortener/pkg/api/link/link_grpc.pb.go:132.2,136.77 2 0
github.com/k1v4/url_shortener/pkg/api/link/link_grpc.pb.go:136.77,138.3 1 0
github.com/k1v4/url_shortener/pkg/api/link/link_grpc.pb.go:139.2,139.44 1 0
